<?xml version="1.0" encoding="UTF-8"?>
<testsuite name="Validar the screen listado negociacion functioning" tests="1" skipped="0" failures="1" errors="0" timestamp="2024-04-08T15:20:07" hostname="CHBOG9CRVMJ3" time="10.671">
  <properties/>
  <testcase name="Validate the name of the client" classname="Validar the screen listado negociacion functioning" time="10.671">
    <failure message="io.cucumber.java.PendingException: TODO: implement me" type="io.cucumber.java.PendingException">io.cucumber.java.PendingException: TODO: implement me
	at co.com.bancolombia.certification.portalautogestioncobranza.stepdefinitions.ListadoNegociacionStepDefinitions.iEnterToListadoNegaciacion(ListadoNegociacionStepDefinitions.java:34)
	at ✽.I enter to listado negaciacion(file:///D:/AZURE/NU0388001_Instrumentador_De_Alternativas_MR_Test/firma_electronica_test/Instrumentador_De_Alternativas_firma_electronica_test/src/test/resources/features/listado_negociacion.feature:12)
</failure>
  </testcase>
  <system-out><![CDATA[]]></system-out>
  <system-err><![CDATA[[Test worker] INFO io.cucumber.core.plugin.SerenityReporter - Running feature from file:///D:/AZURE/NU0388001_Instrumentador_De_Alternativas_MR_Test/firma_electronica_test/Instrumentador_De_Alternativas_firma_electronica_test/src/test/resources/features/listado_negociacion.feature
[Test worker] INFO  - 
  _____   ___   ___   _____     ___   _____     _     ___   _____   ___   ___  
 |_   _| | __| / __| |_   _|   / __| |_   _|   /_\   | _ \ |_   _| | __| |   \ 
   | |   | _|  \__ \   | |     \__ \   | |    / _ \  |   /   | |   | _|  | |) |
   |_|   |___| |___/   |_|     |___/   |_|   /_/ \_\ |_|_\   |_|   |___| |___/ 

Validate the name of the client(validar-the-screen-listado-negociacion-functioning;validate-the-name-of-the-client)
--------------------------------------------------------------------------------
[Test worker] INFO net.serenitybdd.core.webdriver.driverproviders.ChromeDriverProvider - Using automatically driver download
[Test worker] INFO io.github.bonigarcia.wdm.WebDriverManager - Using chromedriver 123.0.6312.105 (resolved driver for Chrome 123)
[Test worker] INFO io.github.bonigarcia.wdm.WebDriverManager - Exporting webdriver.chrome.driver as C:\Users\cricoc\.cache\selenium\chromedriver\win64\123.0.6312.105\chromedriver.exe
[Test worker] INFO net.serenitybdd.core.webdriver.driverproviders.ProvideNewDriver - Instantiating driver
[Test worker] INFO net.serenitybdd.core.webdriver.driverproviders.ProvideNewDriver - Driver capabilities: Capabilities {acceptInsecureCerts: false, browserName: chrome, chrome.driver: chromedriver.exe, driver: chrome, goog:chromeOptions: {args: [-no-sandbox, -laging=es, -disable-download-notification, -start-maximized, -test-type, -ignore-certificate-errors, -allow-running-insecure-con..., -disable-translate, -always-authorize-plugins, -incognito, --disable-dev-shm-usage --r...], extensions: []}, loggingPrefs: org.openqa.selenium.logging..., timeouts.implicitlywait: 10000, wait.for.timeout: 10000}
Starting ChromeDriver 123.0.6312.105 (399174dbe6eff0f59de9a6096129c0c827002b3a-refs/branch-heads/6312@{#761}) on port 52295
Only local connections are allowed.
Please see https://chromedriver.chromium.org/security-considerations for suggestions on keeping ChromeDriver safe.
ChromeDriver was started successfully.
abr 08, 2024 10:20:12 A. M. org.openqa.selenium.remote.ProtocolHandshake createSession
INFORMACIÓN: Detected dialect: W3C
abr 08, 2024 10:20:12 A. M. org.openqa.selenium.devtools.CdpVersionFinder findNearestMatch
ADVERTENCIA: Unable to find an exact match for CDP version 123, so returning the closest version found: a no-op implementation
abr 08, 2024 10:20:12 A. M. org.openqa.selenium.devtools.CdpVersionFinder findNearestMatch
INFORMACIÓN: Unable to find CDP implementation matching 123.
abr 08, 2024 10:20:12 A. M. org.openqa.selenium.chromium.ChromiumDriver lambda$new$3
ADVERTENCIA: Unable to find version of CDP to use for . You may need to include a dependency on a specific version of the CDP using something similar to `org.seleniumhq.selenium:selenium-devtools-v86:4.0.0` where the version ("v86") matches the version of the chromium-based browser you're using and the version number of the artifact is the same as Selenium's.
[Test worker] INFO  - 
  _____   ___   ___   _____     ___   ___   _  _   ___    ___   _  _    ___ 
 |_   _| | __| / __| |_   _|   | _ \ | __| | \| | |   \  |_ _| | \| |  / __|
   | |   | _|  \__ \   | |     |  _/ | _|  | .` | | |) |  | |  | .` | | (_ |
   |_|   |___| |___/   |_|     |_|   |___| |_|\_| |___/  |___| |_|\_|  \___|

Validate the name of the client
-----------------------------------------------------------------------------
]]></system-err>
</testsuite>
